\BOOKMARK [0][-]{chapter.1}{Overview}{}
\BOOKMARK [1][-]{section.1.1}{Bio-inspired Computation}{chapter.1}
\BOOKMARK [1][-]{section.1.2}{Design Methodology}{chapter.1}
\BOOKMARK [1][-]{section.1.3}{Installation}{chapter.1}
\BOOKMARK [1][-]{section.1.4}{Getting Help}{chapter.1}
\BOOKMARK [0][-]{chapter.2}{Tutorial}{}
\BOOKMARK [1][-]{section.2.1}{The Rastrigin Function}{chapter.2}
\BOOKMARK [1][-]{section.2.2}{Evolving Polygons}{chapter.2}
\BOOKMARK [1][-]{section.2.3}{Lunar Explorer}{chapter.2}
\BOOKMARK [0][-]{chapter.3}{Examples}{}
\BOOKMARK [1][-]{section.3.1}{Standard Algorithms}{chapter.3}
\BOOKMARK [1][-]{section.3.2}{Customized Algorithms}{chapter.3}
\BOOKMARK [1][-]{section.3.3}{Advanced Usage}{chapter.3}
\BOOKMARK [0][-]{chapter.4}{Recipes}{}
\BOOKMARK [1][-]{section.4.1}{Lexicographic Ordering}{chapter.4}
\BOOKMARK [1][-]{section.4.2}{Constraint Selection}{chapter.4}
\BOOKMARK [1][-]{section.4.3}{Meta-Evolutionary Computation}{chapter.4}
\BOOKMARK [1][-]{section.4.4}{Micro-Evolutionary Computation}{chapter.4}
\BOOKMARK [1][-]{section.4.5}{Network Migrator}{chapter.4}
\BOOKMARK [0][-]{chapter.5}{Library Reference}{}
\BOOKMARK [1][-]{section.5.1}{Evolutionary Computation}{chapter.5}
\BOOKMARK [1][-]{section.5.2}{Swarm Intelligence}{chapter.5}
\BOOKMARK [1][-]{section.5.3}{Benchmark Problems}{chapter.5}
\BOOKMARK [0][-]{chapter.6}{Troubleshooting}{}
\BOOKMARK [1][-]{section.6.1}{Always Store the Seed}{chapter.6}
\BOOKMARK [1][-]{section.6.2}{Use and Consult the Logs}{chapter.6}
\BOOKMARK [1][-]{section.6.3}{Choose Operators that Work Together}{chapter.6}
\BOOKMARK [1][-]{section.6.4}{Converting from ecspy}{chapter.6}
\BOOKMARK [0][-]{chapter.7}{Indices}{}
\BOOKMARK [0][-]{section*.161}{Python Module Index}{}
